<?xml version="1.0" encoding="UTF-8"?>
<testsuite name="IpsPnsFactoryTest" tests="1" skipped="0" failures="0" errors="0" timestamp="2023-09-24T05:42:36" hostname="MBP-Danil" time="0.009">
  <properties/>
  <testcase name="shouldCreateCorrectInstanceOfIpsTeamUsingFactory()" classname="IpsPnsFactoryTest" time="0.009"/>
  <system-out><![CDATA[]]></system-out>
  <system-err><![CDATA[]]></system-err>
</testsuite>
