<?xml version="1.0" encoding="UTF-8"?>
<testsuite name="StringBuilderAndStringTest" tests="1" skipped="0" failures="0" errors="0" timestamp="2023-09-18T16:48:44" hostname="MBP-Danil" time="0.01">
  <properties/>
  <testcase name="freeJvmMemoryShouldBeBiggerWhenUsingStringBuilder()" classname="StringBuilderAndStringTest" time="0.01"/>
  <system-out><![CDATA[]]></system-out>
  <system-err><![CDATA[]]></system-err>
</testsuite>
